{"name":"feature","status":"broken","statusDetails":{"known":false,"muted":false,"flaky":false,"message":"java.lang.IllegalArgumentException: Cannot find elements when the CSS selector is null.","trace":"cucumber.runtime.CucumberException: java.lang.IllegalArgumentException: Cannot find elements when the CSS selector is null.\n\tat cucumber.api.testng.TestNGCucumberRunner.runCucumber(TestNGCucumberRunner.java:69)\n\tat com.fblogin.testrunner.TestRunners.feature(TestRunners.java:35)\n\tat java.base/jdk.internal.reflect.NativeMethodAccessorImpl.invoke0(Native Method)\n\tat java.base/jdk.internal.reflect.NativeMethodAccessorImpl.invoke(NativeMethodAccessorImpl.java:62)\n\tat java.base/jdk.internal.reflect.DelegatingMethodAccessorImpl.invoke(DelegatingMethodAccessorImpl.java:43)\n\tat java.base/java.lang.reflect.Method.invoke(Method.java:564)\n\tat org.testng.internal.MethodInvocationHelper.invokeMethod(MethodInvocationHelper.java:124)\n\tat org.testng.internal.Invoker.invokeMethod(Invoker.java:583)\n\tat org.testng.internal.Invoker.invokeTestMethod(Invoker.java:719)\n\tat org.testng.internal.Invoker.invokeTestMethods(Invoker.java:989)\n\tat org.testng.internal.TestMethodWorker.invokeTestMethods(TestMethodWorker.java:125)\n\tat org.testng.internal.TestMethodWorker.run(TestMethodWorker.java:109)\n\tat org.testng.TestRunner.privateRun(TestRunner.java:648)\n\tat org.testng.TestRunner.run(TestRunner.java:505)\n\tat org.testng.SuiteRunner.runTest(SuiteRunner.java:455)\n\tat org.testng.SuiteRunner.runSequentially(SuiteRunner.java:450)\n\tat org.testng.SuiteRunner.privateRun(SuiteRunner.java:415)\n\tat org.testng.SuiteRunner.run(SuiteRunner.java:364)\n\tat org.testng.SuiteRunnerWorker.runSuite(SuiteRunnerWorker.java:52)\n\tat org.testng.SuiteRunnerWorker.run(SuiteRunnerWorker.java:84)\n\tat org.testng.TestNG.runSuitesSequentially(TestNG.java:1208)\n\tat org.testng.TestNG.runSuitesLocally(TestNG.java:1137)\n\tat org.testng.TestNG.runSuites(TestNG.java:1049)\n\tat org.testng.TestNG.run(TestNG.java:1017)\n\tat org.testng.IDEARemoteTestNG.run(IDEARemoteTestNG.java:73)\n\tat org.testng.RemoteTestNGStarter.main(RemoteTestNGStarter.java:123)\nCaused by: java.lang.IllegalArgumentException: Cannot find elements when the CSS selector is null.\n\tat org.openqa.selenium.By.cssSelector(By.java:145)\n\tat com.fblogin.tests.testcases.TestCases.assertProject(TestCases.java:15)\n\tat com.fblogin.tests.testcases.TestCases.validateFbPage(TestCases.java:20)\n\tat com.fblogin.stepsdefinition.SpringboardStepDefinition.i_should_see_Facebook_helps_you_connect_and_share_with_the_people_in_your_life(SpringboardStepDefinition.java:18)\n\tat âœ½.Then I should see Facebook helps you connect and share with the people in your life.(Srpingboard.feature:9)\n"},"stage":"finished","steps":[],"attachments":[],"parameters":[{"name":"arg0","value":"Facebook wrong password login failure validation"}],"start":1560487658065,"stop":1560487742717,"uuid":"6eff88b9-b9cc-440d-b358-53639b52722e","historyId":"7de3436529f22bd50b51ed9e5eafd264","fullName":"com.fblogin.testrunner.TestRunners.feature","labels":[{"name":"package","value":"com.fblogin.testrunner.TestRunners"},{"name":"testClass","value":"com.fblogin.testrunner.TestRunners"},{"name":"testMethod","value":"feature"},{"name":"parentSuite","value":"All Test Suite"},{"name":"suite","value":"/Users/kehindeadeoya/Documents/projects/FBLogin/src/com/fblogin/testrunner/TestRunner.java"},{"name":"subSuite","value":"com.fblogin.testrunner.TestRunners"},{"name":"host","value":"Kehindes-MacBook-Pro.local"},{"name":"thread","value":"4373@Kehindes-MacBook-Pro.local.main(1)"},{"name":"framework","value":"testng"},{"name":"language","value":"java"}],"links":[]}